::ffff:192.168.0.173 - - [22/Sep/2022:10:02:14 +0000] "POST /feastwell-backend/api/v1/auth/login HTTP/1.1" 500 59 "-" "PostmanRuntime/7.29.2"
::ffff:192.168.0.173 - - [22/Sep/2022:10:09:39 +0000] "GET /feastwell-backend/api/v1/menuCategory HTTP/1.1" 401 49 "-" "PostmanRuntime/7.29.2"
::1 - - [22/Sep/2022:11:18:33 +0000] "POST /feastwell-backend/api/v1/auth/login HTTP/1.1" 500 59 "-" "PostmanRuntime/7.29.2"
::1 - - [22/Sep/2022:11:21:04 +0000] "POST /feastwell-backend/api/v1/auth/login HTTP/1.1" 500 59 "-" "PostmanRuntime/7.29.2"
::1 - - [22/Sep/2022:11:23:41 +0000] "POST /feastwell-backend/api/v1/auth/login HTTP/1.1" 200 1222 "-" "PostmanRuntime/7.29.2"
::1 - - [22/Sep/2022:11:39:58 +0000] "GET /feastwell-backend/api/v1/imageDetails/byNurseId/126 HTTP/1.1" 200 227 "-" "PostmanRuntime/7.29.2"
::1 - - [22/Sep/2022:11:42:59 +0000] "POST /feastwell-backend/api/v1/imageDetails%0A HTTP/1.1" 404 36 "-" "PostmanRuntime/7.29.2"
::1 - - [22/Sep/2022:12:44:28 +0000] "POST /feastwell-backend/api/v1/user HTTP/1.1" 401 49 "-" "PostmanRuntime/7.29.2"
::1 - - [22/Sep/2022:12:48:52 +0000] "POST /feastwell-backend/api/v1/user HTTP/1.1" 401 49 "-" "PostmanRuntime/7.29.2"
::1 - - [22/Sep/2022:12:49:13 +0000] "POST /feastwell-backend/api/v1/user HTTP/1.1" 401 49 "-" "PostmanRuntime/7.29.2"
::1 - - [22/Sep/2022:12:50:44 +0000] "POST /feastwell-backend/api/v1/user HTTP/1.1" 404 73 "-" "PostmanRuntime/7.29.2"
::1 - - [22/Sep/2022:12:52:53 +0000] "POST /feastwell-backend/api/v1/user HTTP/1.1" 404 73 "-" "PostmanRuntime/7.29.2"
::1 - - [22/Sep/2022:12:53:53 +0000] "POST /feastwell-backend/api/v1/user HTTP/1.1" 404 73 "-" "PostmanRuntime/7.29.2"
::1 - - [22/Sep/2022:12:57:01 +0000] "POST /feastwell-backend/api/v1/user HTTP/1.1" 404 73 "-" "PostmanRuntime/7.29.2"
::1 - - [22/Sep/2022:12:58:07 +0000] "POST /feastwell-backend/api/v1/user HTTP/1.1" 201 103 "-" "PostmanRuntime/7.29.2"
::1 - - [22/Sep/2022:13:07:12 +0000] "POST /feastwell-backend/api/v1/user HTTP/1.1" 404 53 "-" "PostmanRuntime/7.29.2"
::1 - - [22/Sep/2022:13:07:25 +0000] "POST /feastwell-backend/api/v1/user HTTP/1.1" 404 73 "-" "PostmanRuntime/7.29.2"
::1 - - [22/Sep/2022:13:08:13 +0000] "POST /feastwell-backend/api/v1/user HTTP/1.1" 404 73 "-" "PostmanRuntime/7.29.2"
::1 - - [22/Sep/2022:13:10:08 +0000] "POST /feastwell-backend/api/v1/user HTTP/1.1" 404 53 "-" "PostmanRuntime/7.29.2"
::1 - - [22/Sep/2022:13:10:27 +0000] "POST /feastwell-backend/api/v1/user HTTP/1.1" 404 73 "-" "PostmanRuntime/7.29.2"
::1 - - [22/Sep/2022:13:10:59 +0000] "POST /feastwell-backend/api/v1/user HTTP/1.1" 201 103 "-" "PostmanRuntime/7.29.2"
::1 - - [22/Sep/2022:13:14:26 +0000] "POST /feastwell-backend/api/v1/user HTTP/1.1" - - "-" "PostmanRuntime/7.29.2"
::1 - - [22/Sep/2022:13:16:30 +0000] "POST /feastwell-backend/api/v1/user HTTP/1.1" 404 59 "-" "PostmanRuntime/7.29.2"
::1 - - [22/Sep/2022:13:17:13 +0000] "POST /feastwell-backend/api/v1/user HTTP/1.1" 201 103 "-" "PostmanRuntime/7.29.2"
::1 - - [22/Sep/2022:13:24:56 +0000] "POST /feastwell-backend/api/v1/user HTTP/1.1" 201 816 "-" "PostmanRuntime/7.29.2"
::1 - - [22/Sep/2022:13:25:46 +0000] "POST /feastwell-backend/api/v1/user HTTP/1.1" 201 133 "-" "PostmanRuntime/7.29.2"
::1 - - [22/Sep/2022:13:28:09 +0000] "POST /feastwell-backend/api/v1/user HTTP/1.1" 201 133 "-" "PostmanRuntime/7.29.2"
::1 - - [22/Sep/2022:13:31:11 +0000] "POST /feastwell-backend/api/v1/user HTTP/1.1" 404 73 "-" "PostmanRuntime/7.29.2"
::1 - - [22/Sep/2022:13:32:08 +0000] "POST /feastwell-backend/api/v1/user HTTP/1.1" 404 73 "-" "PostmanRuntime/7.29.2"
::1 - - [22/Sep/2022:13:32:28 +0000] "POST /feastwell-backend/api/v1/user HTTP/1.1" 404 73 "-" "PostmanRuntime/7.29.2"
::1 - - [22/Sep/2022:13:32:43 +0000] "POST /feastwell-backend/api/v1/user HTTP/1.1" 201 103 "-" "PostmanRuntime/7.29.2"
::1 - - [22/Sep/2022:17:20:28 +0000] "GET /feastwell-backend/api/v1/user?userType=6 HTTP/1.1" 401 49 "-" "PostmanRuntime/7.29.2"
::1 - - [22/Sep/2022:17:43:04 +0000] "POST /feastwell-backend/api/v1/auth/login HTTP/1.1" 200 1222 "-" "PostmanRuntime/7.29.2"
::1 - - [22/Sep/2022:17:44:30 +0000] "GET /feastwell-backend/api/v1/user?userType=6 HTTP/1.1" 401 49 "-" "PostmanRuntime/7.29.2"
::1 - - [22/Sep/2022:17:47:43 +0000] "GET /feastwell-backend/api/v1/user?userType=6 HTTP/1.1" 200 3552 "-" "PostmanRuntime/7.29.2"
::1 - - [22/Sep/2022:17:52:41 +0000] "GET /feastwell-backend/api/v1/user?userType=6 HTTP/1.1" 401 49 "-" "PostmanRuntime/7.29.2"
::1 - - [22/Sep/2022:17:54:27 +0000] "GET /feastwell-backend/api/v1/user?userType=6 HTTP/1.1" 200 3558 "-" "PostmanRuntime/7.29.2"
::1 - - [22/Sep/2022:17:55:48 +0000] "GET /feastwell-backend/api/v1/user?userType=6 HTTP/1.1" 200 3558 "-" "PostmanRuntime/7.29.2"
::1 - - [22/Sep/2022:18:02:44 +0000] "GET /feastwell-backend/api/v1/user?userType=6 HTTP/1.1" 200 3558 "-" "okhttp/3.14.9"
::1 - - [22/Sep/2022:18:03:11 +0000] "GET /feastwell-backend/api/v1/auth/refresh HTTP/1.1" 200 376 "-" "okhttp/3.14.9"
::1 - - [22/Sep/2022:18:04:56 +0000] "POST /feastwell-backend/api/v1/auth/login HTTP/1.1" 200 1222 "-" "okhttp/3.14.9"
::1 - - [22/Sep/2022:18:04:57 +0000] "GET /feastwell-backend/api/v1/mealTypes HTTP/1.1" 401 49 "-" "okhttp/3.14.9"
::1 - - [22/Sep/2022:18:04:57 +0000] "GET /feastwell-backend/api/v1/imageDetails/byNurseId/182 HTTP/1.1" 200 226 "-" "okhttp/3.14.9"
::1 - - [22/Sep/2022:18:05:02 +0000] "GET /feastwell-backend/api/v1/user?userType=6 HTTP/1.1" 200 3558 "-" "okhttp/3.14.9"
::1 - - [22/Sep/2022:18:05:58 +0000] "GET /feastwell-backend/api/v1/imageDetails/byNurseId/182 HTTP/1.1" 200 226 "-" "okhttp/3.14.9"
::1 - - [22/Sep/2022:18:06:44 +0000] "GET /feastwell-backend/api/v1/auth/refresh HTTP/1.1" 200 376 "-" "okhttp/3.14.9"
::1 - - [22/Sep/2022:18:06:44 +0000] "GET /feastwell-backend/api/v1/auth/login HTTP/1.1" 401 43 "-" "okhttp/3.14.9"
::1 - - [22/Sep/2022:18:06:57 +0000] "POST /feastwell-backend/api/v1/auth/login HTTP/1.1" 200 1222 "-" "okhttp/3.14.9"
::1 - - [22/Sep/2022:18:06:58 +0000] "GET /feastwell-backend/api/v1/imageDetails/byNurseId/182 HTTP/1.1" 200 226 "-" "okhttp/3.14.9"
::1 - - [22/Sep/2022:18:06:58 +0000] "GET /feastwell-backend/api/v1/mealTypes HTTP/1.1" 401 49 "-" "okhttp/3.14.9"
::1 - - [22/Sep/2022:18:07:07 +0000] "GET /feastwell-backend/api/v1/facility HTTP/1.1" 200 484 "-" "okhttp/3.14.9"
::1 - - [22/Sep/2022:18:07:10 +0000] "GET /feastwell-backend/api/v1/imageDetails/byNurseId/182 HTTP/1.1" 200 226 "-" "okhttp/3.14.9"
::1 - - [22/Sep/2022:18:07:12 +0000] "GET /feastwell-backend/api/v1/user?userType=6 HTTP/1.1" 200 3558 "-" "okhttp/3.14.9"
::1 - - [22/Sep/2022:18:07:15 +0000] "GET /feastwell-backend/api/v1/facility HTTP/1.1" 200 484 "-" "okhttp/3.14.9"
::1 - - [22/Sep/2022:18:07:20 +0000] "GET /feastwell-backend/api/v1/user?userType=6 HTTP/1.1" 200 3558 "-" "okhttp/3.14.9"
::1 - - [22/Sep/2022:18:07:23 +0000] "GET /feastwell-backend/api/v1/user?userType=6 HTTP/1.1" 200 3558 "-" "okhttp/3.14.9"
::1 - - [22/Sep/2022:18:07:34 +0000] "GET /feastwell-backend/api/v1/facility HTTP/1.1" 200 484 "-" "okhttp/3.14.9"
::1 - - [22/Sep/2022:18:07:36 +0000] "GET /feastwell-backend/api/v1/user?userType=6 HTTP/1.1" 200 3558 "-" "okhttp/3.14.9"
::1 - - [22/Sep/2022:18:07:38 +0000] "GET /feastwell-backend/api/v1/imageDetails/byNurseId/182 HTTP/1.1" 200 226 "-" "okhttp/3.14.9"
::1 - - [22/Sep/2022:18:07:41 +0000] "GET /feastwell-backend/api/v1/mealItems HTTP/1.1" 200 230 "-" "okhttp/3.14.9"
::1 - - [22/Sep/2022:18:07:45 +0000] "GET /feastwell-backend/api/v1/imageDetails/byNurseId/182 HTTP/1.1" 200 226 "-" "okhttp/3.14.9"
::1 - - [22/Sep/2022:18:08:01 +0000] "GET /feastwell-backend/api/v1/country HTTP/1.1" - - "-" "okhttp/3.14.9"
::1 - - [22/Sep/2022:18:08:05 +0000] "GET /feastwell-backend/api/v1/imageDetails/byNurseId/182 HTTP/1.1" 200 226 "-" "okhttp/3.14.9"
::1 - - [22/Sep/2022:18:08:11 +0000] "GET /feastwell-backend/api/v1/country HTTP/1.1" - - "-" "okhttp/3.14.9"
::1 - - [22/Sep/2022:18:08:13 +0000] "GET /feastwell-backend/api/v1/imageDetails/byNurseId/182 HTTP/1.1" 200 226 "-" "okhttp/3.14.9"
::1 - - [22/Sep/2022:18:08:18 +0000] "GET /feastwell-backend/api/v1/country HTTP/1.1" - - "-" "okhttp/3.14.9"
::1 - - [22/Sep/2022:18:08:35 +0000] "POST /feastwell-backend/api/v1/auth/login HTTP/1.1" 200 1222 "-" "okhttp/3.14.9"
::1 - - [22/Sep/2022:18:08:36 +0000] "GET /feastwell-backend/api/v1/imageDetails/byNurseId/182 HTTP/1.1" 200 226 "-" "okhttp/3.14.9"
::1 - - [22/Sep/2022:18:08:36 +0000] "GET /feastwell-backend/api/v1/mealTypes HTTP/1.1" 401 49 "-" "okhttp/3.14.9"
::1 - - [22/Sep/2022:18:08:54 +0000] "GET /feastwell-backend/api/v1/facility HTTP/1.1" 200 484 "-" "okhttp/3.14.9"
::1 - - [22/Sep/2022:18:08:56 +0000] "GET /feastwell-backend/api/v1/imageDetails/byNurseId/182 HTTP/1.1" 200 226 "-" "okhttp/3.14.9"
::1 - - [22/Sep/2022:18:09:05 +0000] "GET /feastwell-backend/api/v1/imageDetails/byNurseId/182 HTTP/1.1" 200 226 "-" "okhttp/3.14.9"
::1 - - [22/Sep/2022:18:09:08 +0000] "GET /feastwell-backend/api/v1/country HTTP/1.1" - - "-" "okhttp/3.14.9"
::1 - - [22/Sep/2022:18:09:37 +0000] "GET /feastwell-backend/api/v1/country HTTP/1.1" - - "-" "okhttp/3.14.9"
::1 - - [22/Sep/2022:18:09:39 +0000] "GET /feastwell-backend/api/v1/imageDetails/byNurseId/182 HTTP/1.1" 200 226 "-" "okhttp/3.14.9"
::1 - - [22/Sep/2022:18:09:45 +0000] "GET /feastwell-backend/api/v1/user?userType=6 HTTP/1.1" 200 3558 "-" "okhttp/3.14.9"
::1 - - [22/Sep/2022:18:09:48 +0000] "GET /feastwell-backend/api/v1/facility HTTP/1.1" 200 484 "-" "okhttp/3.14.9"
::1 - - [22/Sep/2022:18:09:51 +0000] "GET /feastwell-backend/api/v1/imageDetails/byNurseId/182 HTTP/1.1" 200 226 "-" "okhttp/3.14.9"
::1 - - [22/Sep/2022:18:10:01 +0000] "GET /feastwell-backend/api/v1/imageDetails/byNurseId/182 HTTP/1.1" 200 226 "-" "okhttp/3.14.9"
::1 - - [22/Sep/2022:18:10:04 +0000] "GET /feastwell-backend/api/v1/user?userType=6 HTTP/1.1" 200 3558 "-" "okhttp/3.14.9"
::1 - - [22/Sep/2022:18:10:13 +0000] "GET /feastwell-backend/api/v1/imageDetails/byNurseId/182 HTTP/1.1" 200 226 "-" "okhttp/3.14.9"
::1 - - [22/Sep/2022:18:11:03 +0000] "GET /feastwell-backend/api/v1/imageDetails/byNurseId/182 HTTP/1.1" 200 226 "-" "okhttp/3.14.9"
::1 - - [22/Sep/2022:19:19:26 +0000] "POST /feastwell-backend/api/v1/auth/login HTTP/1.1" 200 1222 "-" "PostmanRuntime/7.29.2"
::1 - - [22/Sep/2022:19:19:40 +0000] "GET /feastwell-backend/api/v1/imagedetails/all HTTP/1.1" 200 380 "-" "PostmanRuntime/7.29.2"
::1 - - [22/Sep/2022:19:19:51 +0000] "GET /feastwell-backend/api/v1/user?userType=6 HTTP/1.1" 200 3558 "-" "PostmanRuntime/7.29.2"
::1 - - [22/Sep/2022:19:20:17 +0000] "GET /feastwell-backend/api/v1/residentFacility/byUserId/1 HTTP/1.1" 401 49 "-" "PostmanRuntime/7.29.2"
::1 - - [22/Sep/2022:19:21:35 +0000] "GET /feastwell-backend/api/v1/residentFacility/byUserId/1 HTTP/1.1" 404 54 "-" "PostmanRuntime/7.29.2"
::1 - - [22/Sep/2022:19:21:48 +0000] "GET /feastwell-backend/api/v1/residentFacility HTTP/1.1" 200 1245 "-" "PostmanRuntime/7.29.2"
::1 - - [22/Sep/2022:19:22:15 +0000] "GET /feastwell-backend/api/v1/imageDetails/byNurseId/2356 HTTP/1.1" 200 228 "-" "PostmanRuntime/7.29.2"
::1 - - [22/Sep/2022:19:22:57 +0000] "GET /feastwell-backend/api/v1/imageResponse/byReferenceId/25 HTTP/1.1" 401 49 "-" "PostmanRuntime/7.29.2"
::1 - - [22/Sep/2022:19:23:09 +0000] "GET /feastwell-backend/api/v1/imageResponse/byReferenceId/25 HTTP/1.1" 401 49 "-" "PostmanRuntime/7.29.2"
::1 - - [22/Sep/2022:19:24:08 +0000] "POST /feastwell-backend/api/v1/auth/login HTTP/1.1" 200 1222 "-" "PostmanRuntime/7.29.2"
::1 - - [22/Sep/2022:19:24:17 +0000] "GET /feastwell-backend/api/v1/mealMenu/29 HTTP/1.1" 401 49 "-" "PostmanRuntime/7.29.2"
::1 - - [22/Sep/2022:19:24:45 +0000] "GET /feastwell-backend/api/v1/mealMenu/29 HTTP/1.1" 200 66 "-" "PostmanRuntime/7.29.2"
::1 - - [22/Sep/2022:19:24:59 +0000] "GET /feastwell-backend/api/v1/mealMenu HTTP/1.1" 200 332 "-" "PostmanRuntime/7.29.2"
::1 - - [22/Sep/2022:19:25:06 +0000] "GET /feastwell-backend/api/v1/mealItems HTTP/1.1" 200 230 "-" "PostmanRuntime/7.29.2"
::1 - - [22/Sep/2022:19:25:16 +0000] "GET /feastwell-backend/api/v1/mealTypes HTTP/1.1" 200 387 "-" "PostmanRuntime/7.29.2"
::1 - - [22/Sep/2022:19:25:46 +0000] "GET /feastwell-backend/api/v1/states/byCountryId/101 HTTP/1.1" 200 2696 "-" "PostmanRuntime/7.29.2"
::1 - - [22/Sep/2022:19:25:56 +0000] "GET /feastwell-backend/api/v1/country HTTP/1.1" 200 83959 "-" "PostmanRuntime/7.29.2"
::1 - - [22/Sep/2022:19:26:17 +0000] "GET /feastwell-backend/api/v1/city/byCity/23 HTTP/1.1" 401 49 "-" "PostmanRuntime/7.29.2"
::1 - - [22/Sep/2022:19:26:37 +0000] "GET /feastwell-backend/api/v1/city/byCity/23 HTTP/1.1" 200 163 "-" "PostmanRuntime/7.29.2"
::1 - - [22/Sep/2022:19:26:56 +0000] "GET /feastwell-backend/api/v1/states HTTP/1.1" 200 385571 "-" "PostmanRuntime/7.29.2"
::1 - - [22/Sep/2022:19:27:06 +0000] "GET /feastwell-backend/api/v1/kitchen HTTP/1.1" 500 81 "-" "PostmanRuntime/7.29.2"
::1 - - [22/Sep/2022:19:27:55 +0000] "GET /feastwell-backend/api/v1/kitchen HTTP/1.1" 200 1173 "-" "PostmanRuntime/7.29.2"
::1 - - [22/Sep/2022:19:28:18 +0000] "GET /feastwell-backend/api/v1/kitchen/3 HTTP/1.1" 200 60 "-" "PostmanRuntime/7.29.2"
::1 - - [22/Sep/2022:19:28:25 +0000] "GET /feastwell-backend/api/v1/kitchen/4 HTTP/1.1" 200 410 "-" "PostmanRuntime/7.29.2"
::1 - - [22/Sep/2022:19:28:40 +0000] "GET /feastwell-backend/api/v1/nurseResident HTTP/1.1" 200 90 "-" "PostmanRuntime/7.29.2"
::1 - - [22/Sep/2022:19:29:12 +0000] "GET /feastwell-backend/api/v1/imageDetails/byNurseId/126 HTTP/1.1" 200 227 "-" "PostmanRuntime/7.29.2"
::1 - - [22/Sep/2022:19:29:19 +0000] "GET /feastwell-backend/api/v1/imageDetails/byNurseId/125 HTTP/1.1" 200 227 "-" "PostmanRuntime/7.29.2"
::1 - - [22/Sep/2022:19:31:12 +0000] "GET /feastwell-backend/api/v1/imageDetails/byNurseId/182 HTTP/1.1" 200 226 "-" "okhttp/3.14.9"
::1 - - [22/Sep/2022:19:31:15 +0000] "GET /feastwell-backend/api/v1/facility HTTP/1.1" 200 484 "-" "okhttp/3.14.9"
::1 - - [22/Sep/2022:19:31:17 +0000] "GET /feastwell-backend/api/v1/country HTTP/1.1" 200 83959 "-" "okhttp/3.14.9"
::1 - - [22/Sep/2022:19:31:18 +0000] "GET /feastwell-backend/api/v1/states/byCountryId/39 HTTP/1.1" 200 1022 "-" "okhttp/3.14.9"
::1 - - [22/Sep/2022:19:31:18 +0000] "GET /feastwell-backend/api/v1/city/872 HTTP/1.1" 200 9543 "-" "okhttp/3.14.9"
::1 - - [22/Sep/2022:19:31:31 +0000] "GET /feastwell-backend/api/v1/auth/refresh HTTP/1.1" 200 376 "-" "okhttp/3.14.9"
::1 - - [22/Sep/2022:19:31:31 +0000] "GET /feastwell-backend/api/v1/auth/login HTTP/1.1" 401 43 "-" "okhttp/3.14.9"
::1 - - [22/Sep/2022:19:31:39 +0000] "POST /feastwell-backend/api/v1/auth/login HTTP/1.1" 200 1222 "-" "okhttp/3.14.9"
::1 - - [22/Sep/2022:19:31:41 +0000] "GET /feastwell-backend/api/v1/mealTypes HTTP/1.1" 401 49 "-" "okhttp/3.14.9"
::1 - - [22/Sep/2022:19:31:41 +0000] "GET /feastwell-backend/api/v1/imageDetails/byNurseId/182 HTTP/1.1" 200 226 "-" "okhttp/3.14.9"
::1 - - [22/Sep/2022:19:31:45 +0000] "GET /feastwell-backend/api/v1/country HTTP/1.1" 200 83959 "-" "okhttp/3.14.9"
::1 - - [22/Sep/2022:19:31:50 +0000] "GET /feastwell-backend/api/v1/states/byCountryId/2 HTTP/1.1" 200 65 "-" "okhttp/3.14.9"
::1 - - [22/Sep/2022:19:31:54 +0000] "GET /feastwell-backend/api/v1/states/byCountryId/1 HTTP/1.1" 200 2289 "-" "okhttp/3.14.9"
::1 - - [22/Sep/2022:19:31:56 +0000] "GET /feastwell-backend/api/v1/city/3871 HTTP/1.1" 200 244 "-" "okhttp/3.14.9"
::1 - - [22/Sep/2022:19:32:00 +0000] "GET /feastwell-backend/api/v1/city/3870 HTTP/1.1" 200 160 "-" "okhttp/3.14.9"
::1 - - [22/Sep/2022:19:32:05 +0000] "GET /feastwell-backend/api/v1/states/byCountryId/3 HTTP/1.1" 200 12692 "-" "okhttp/3.14.9"
::1 - - [22/Sep/2022:19:32:07 +0000] "GET /feastwell-backend/api/v1/city/593 HTTP/1.1" 200 67 "-" "okhttp/3.14.9"
::1 - - [22/Sep/2022:19:32:14 +0000] "GET /feastwell-backend/api/v1/states/byCountryId/19 HTTP/1.1" 200 5489 "-" "okhttp/3.14.9"
::1 - - [22/Sep/2022:19:32:18 +0000] "GET /feastwell-backend/api/v1/city/750 HTTP/1.1" 200 67 "-" "okhttp/3.14.9"
::1 - - [22/Sep/2022:19:32:28 +0000] "GET /feastwell-backend/api/v1/states/byCountryId/154 HTTP/1.1" 200 1529 "-" "okhttp/3.14.9"
::1 - - [22/Sep/2022:19:32:30 +0000] "GET /feastwell-backend/api/v1/city/2066 HTTP/1.1" 200 660 "-" "okhttp/3.14.9"
::1 - - [22/Sep/2022:19:32:37 +0000] "GET /feastwell-backend/api/v1/facility HTTP/1.1" 200 484 "-" "okhttp/3.14.9"
::1 - - [22/Sep/2022:19:32:39 +0000] "GET /feastwell-backend/api/v1/country HTTP/1.1" 200 83959 "-" "okhttp/3.14.9"
::1 - - [22/Sep/2022:19:32:39 +0000] "GET /feastwell-backend/api/v1/states/byCountryId/39 HTTP/1.1" 200 1022 "-" "okhttp/3.14.9"
::1 - - [22/Sep/2022:19:32:39 +0000] "GET /feastwell-backend/api/v1/city/872 HTTP/1.1" 200 9543 "-" "okhttp/3.14.9"
::1 - - [22/Sep/2022:19:32:49 +0000] "GET /feastwell-backend/api/v1/imageDetails/byNurseId/182 HTTP/1.1" 200 226 "-" "okhttp/3.14.9"
::1 - - [22/Sep/2022:19:33:16 +0000] "GET /feastwell-backend/api/v1/kitchen HTTP/1.1" 200 1173 "-" "okhttp/3.14.9"
::1 - - [22/Sep/2022:19:33:17 +0000] "GET /feastwell-backend/api/v1/country HTTP/1.1" 200 83959 "-" "okhttp/3.14.9"
::1 - - [22/Sep/2022:19:33:18 +0000] "GET /feastwell-backend/api/v1/states/byCountryId/39 HTTP/1.1" 200 1022 "-" "okhttp/3.14.9"
::1 - - [22/Sep/2022:19:33:18 +0000] "GET /feastwell-backend/api/v1/city/872 HTTP/1.1" 200 9543 "-" "okhttp/3.14.9"
::1 - - [22/Sep/2022:19:33:23 +0000] "GET /feastwell-backend/api/v1/auth/refresh HTTP/1.1" 200 376 "-" "okhttp/3.14.9"
::1 - - [22/Sep/2022:19:33:23 +0000] "GET /feastwell-backend/api/v1/auth/login HTTP/1.1" 401 43 "-" "okhttp/3.14.9"
::1 - - [22/Sep/2022:19:33:42 +0000] "POST /feastwell-backend/api/v1/auth/login HTTP/1.1" 200 1222 "-" "okhttp/3.14.9"
::1 - - [22/Sep/2022:19:33:42 +0000] "GET /feastwell-backend/api/v1/imageDetails/byNurseId/182 HTTP/1.1" 200 226 "-" "okhttp/3.14.9"
::1 - - [22/Sep/2022:19:33:42 +0000] "GET /feastwell-backend/api/v1/mealTypes HTTP/1.1" 401 49 "-" "okhttp/3.14.9"
::1 - - [22/Sep/2022:19:34:17 +0000] "GET /feastwell-backend/api/v1/facility HTTP/1.1" 200 484 "-" "okhttp/3.14.9"
::1 - - [22/Sep/2022:19:34:46 +0000] "GET /feastwell-backend/api/v1/mealTypes HTTP/1.1" 401 49 "-" "PostmanRuntime/7.29.2"
::1 - - [22/Sep/2022:19:35:29 +0000] "POST /feastwell-backend/api/v1/auth/login HTTP/1.1" 200 1222 "-" "PostmanRuntime/7.29.2"
::1 - - [22/Sep/2022:19:35:38 +0000] "GET /feastwell-backend/api/v1/mealTypes HTTP/1.1" 200 597 "-" "PostmanRuntime/7.29.2"
::1 - - [22/Sep/2022:19:36:39 +0000] "GET /feastwell-backend/api/v1/facility HTTP/1.1" 200 484 "-" "okhttp/3.14.9"
::1 - - [22/Sep/2022:19:37:07 +0000] "GET /feastwell-backend/api/v1/mealTypes HTTP/1.1" 200 597 "-" "PostmanRuntime/7.29.2"
::1 - - [22/Sep/2022:19:37:13 +0000] "GET /feastwell-backend/api/v1/mealTypes HTTP/1.1" 401 49 "-" "PostmanRuntime/7.29.2"
::1 - - [22/Sep/2022:19:37:28 +0000] "GET /feastwell-backend/api/v1/mealTypes HTTP/1.1" 200 597 "-" "PostmanRuntime/7.29.2"
::1 - - [22/Sep/2022:19:38:20 +0000] "GET /feastwell-backend/api/v1/facility HTTP/1.1" 200 484 "-" "okhttp/3.14.9"
::1 - - [22/Sep/2022:19:39:33 +0000] "GET /feastwell-backend/api/v1/auth/refresh HTTP/1.1" 200 376 "-" "okhttp/3.14.9"
::1 - - [22/Sep/2022:19:39:34 +0000] "GET /feastwell-backend/api/v1/auth/login HTTP/1.1" 401 43 "-" "okhttp/3.14.9"
::1 - - [22/Sep/2022:19:40:21 +0000] "GET /feastwell-backend/api/v1/auth/refresh HTTP/1.1" 401 43 "-" "okhttp/3.14.9"
::1 - - [22/Sep/2022:19:40:48 +0000] "POST /feastwell-backend/api/v1/auth/login HTTP/1.1" 200 1222 "-" "PostmanRuntime/7.29.2"
::1 - - [22/Sep/2022:19:40:55 +0000] "POST /feastwell-backend/api/v1/auth/login HTTP/1.1" 200 1222 "-" "PostmanRuntime/7.29.2"
::1 - - [22/Sep/2022:19:41:00 +0000] "POST /feastwell-backend/api/v1/auth/login HTTP/1.1" 404 43 "-" "PostmanRuntime/7.29.2"
::1 - - [22/Sep/2022:19:41:12 +0000] "POST /feastwell-backend/api/v1/auth/login HTTP/1.1" 404 43 "-" "PostmanRuntime/7.29.2"
::1 - - [22/Sep/2022:19:41:50 +0000] "GET /feastwell-backend/api/v1/auth/refresh HTTP/1.1" 401 43 "-" "okhttp/3.14.9"
::1 - - [22/Sep/2022:19:42:08 +0000] "POST /feastwell-backend/api/v1/auth/login HTTP/1.1" 200 1222 "-" "okhttp/3.14.9"
::1 - - [22/Sep/2022:19:42:09 +0000] "GET /feastwell-backend/api/v1/imageDetails/byNurseId/182 HTTP/1.1" 200 226 "-" "okhttp/3.14.9"
::1 - - [22/Sep/2022:19:42:09 +0000] "GET /feastwell-backend/api/v1/mealTypes HTTP/1.1" 200 597 "-" "okhttp/3.14.9"
::1 - - [22/Sep/2022:19:42:16 +0000] "GET /feastwell-backend/api/v1/auth/refresh HTTP/1.1" 200 376 "-" "okhttp/3.14.9"
::1 - - [22/Sep/2022:19:42:16 +0000] "GET /feastwell-backend/api/v1/auth/login HTTP/1.1" 401 43 "-" "okhttp/3.14.9"
::1 - - [22/Sep/2022:19:42:57 +0000] "GET /feastwell-backend/api/v1/auth/refresh HTTP/1.1" 401 43 "-" "okhttp/3.14.9"
::1 - - [22/Sep/2022:19:43:07 +0000] "POST /feastwell-backend/api/v1/auth/login HTTP/1.1" 200 1222 "-" "okhttp/3.14.9"
::1 - - [22/Sep/2022:19:43:07 +0000] "GET /feastwell-backend/api/v1/mealTypes HTTP/1.1" 200 597 "-" "okhttp/3.14.9"
::1 - - [22/Sep/2022:19:43:07 +0000] "GET /feastwell-backend/api/v1/imageDetails/byNurseId/182 HTTP/1.1" 200 226 "-" "okhttp/3.14.9"
::1 - - [22/Sep/2022:19:43:11 +0000] "POST /feastwell-backend/api/v1/auth/login HTTP/1.1" 200 1222 "-" "PostmanRuntime/7.29.2"
::1 - - [22/Sep/2022:19:43:14 +0000] "GET /feastwell-backend/api/v1/auth/refresh HTTP/1.1" 200 376 "-" "okhttp/3.14.9"
::1 - - [22/Sep/2022:19:43:14 +0000] "GET /feastwell-backend/api/v1/auth/login HTTP/1.1" 401 43 "-" "okhttp/3.14.9"
::1 - - [22/Sep/2022:19:43:21 +0000] "GET /feastwell-backend/api/v1/auth/login HTTP/1.1" 401 43 "-" "PostmanRuntime/7.29.2"
::1 - - [22/Sep/2022:19:43:46 +0000] "POST /feastwell-backend/api/v1/auth/login HTTP/1.1" 200 1222 "-" "okhttp/3.14.9"
::1 - - [22/Sep/2022:19:43:47 +0000] "GET /feastwell-backend/api/v1/mealTypes HTTP/1.1" 200 597 "-" "okhttp/3.14.9"
::1 - - [22/Sep/2022:19:43:47 +0000] "GET /feastwell-backend/api/v1/imageDetails/byNurseId/182 HTTP/1.1" 200 226 "-" "okhttp/3.14.9"
::1 - - [22/Sep/2022:19:43:52 +0000] "GET /feastwell-backend/api/v1/facility HTTP/1.1" 200 484 "-" "okhttp/3.14.9"
::1 - - [22/Sep/2022:19:45:21 +0000] "GET /feastwell-backend/api/v1/auth/refresh HTTP/1.1" 200 376 "-" "okhttp/3.14.9"
::1 - - [22/Sep/2022:19:45:21 +0000] "GET /feastwell-backend/api/v1/auth/login HTTP/1.1" 401 43 "-" "okhttp/3.14.9"
::1 - - [22/Sep/2022:19:45:30 +0000] "POST /feastwell-backend/api/v1/auth/login HTTP/1.1" 200 1222 "-" "okhttp/3.14.9"
::1 - - [22/Sep/2022:19:45:31 +0000] "GET /feastwell-backend/api/v1/mealTypes HTTP/1.1" 200 597 "-" "okhttp/3.14.9"
::1 - - [22/Sep/2022:19:45:31 +0000] "GET /feastwell-backend/api/v1/imageDetails/byNurseId/182 HTTP/1.1" 200 226 "-" "okhttp/3.14.9"
::1 - - [22/Sep/2022:19:45:38 +0000] "GET /feastwell-backend/api/v1/facility HTTP/1.1" 200 484 "-" "okhttp/3.14.9"
::1 - - [22/Sep/2022:19:47:30 +0000] "GET /feastwell-backend/api/v1/auth/refresh HTTP/1.1" 200 376 "-" "okhttp/3.14.9"
::1 - - [22/Sep/2022:19:47:30 +0000] "GET /feastwell-backend/api/v1/auth/login HTTP/1.1" 401 43 "-" "okhttp/3.14.9"
::1 - - [22/Sep/2022:19:47:38 +0000] "POST /feastwell-backend/api/v1/auth/login HTTP/1.1" 200 1222 "-" "okhttp/3.14.9"
::1 - - [22/Sep/2022:19:47:39 +0000] "GET /feastwell-backend/api/v1/imageDetails/byNurseId/182 HTTP/1.1" 200 226 "-" "okhttp/3.14.9"
::1 - - [22/Sep/2022:19:47:39 +0000] "GET /feastwell-backend/api/v1/mealTypes HTTP/1.1" 200 597 "-" "okhttp/3.14.9"
::1 - - [22/Sep/2022:19:47:44 +0000] "GET /feastwell-backend/api/v1/facility HTTP/1.1" 200 484 "-" "okhttp/3.14.9"
::1 - - [22/Sep/2022:19:48:49 +0000] "GET /feastwell-backend/api/v1/auth/refresh HTTP/1.1" 200 376 "-" "okhttp/3.14.9"
::1 - - [22/Sep/2022:19:48:50 +0000] "GET /feastwell-backend/api/v1/auth/login HTTP/1.1" 401 43 "-" "okhttp/3.14.9"
::1 - - [22/Sep/2022:19:49:01 +0000] "POST /feastwell-backend/api/v1/auth/login HTTP/1.1" 200 1222 "-" "okhttp/3.14.9"
::1 - - [22/Sep/2022:19:49:02 +0000] "GET /feastwell-backend/api/v1/mealTypes HTTP/1.1" 200 597 "-" "okhttp/3.14.9"
::1 - - [22/Sep/2022:19:49:02 +0000] "GET /feastwell-backend/api/v1/imageDetails/byNurseId/182 HTTP/1.1" 200 226 "-" "okhttp/3.14.9"
::1 - - [22/Sep/2022:19:49:05 +0000] "GET /feastwell-backend/api/v1/facility HTTP/1.1" 200 484 "-" "okhttp/3.14.9"
::1 - - [22/Sep/2022:19:50:00 +0000] "GET /feastwell-backend/api/v1/auth/login HTTP/1.1" 200 1222 "-" "PostmanRuntime/7.29.2"
::1 - - [22/Sep/2022:19:50:12 +0000] "GET /feastwell-backend/api/v1/auth/refresh HTTP/1.1" 200 376 "-" "okhttp/3.14.9"
::1 - - [22/Sep/2022:19:50:12 +0000] "GET /feastwell-backend/api/v1/auth/login HTTP/1.1" 200 1222 "-" "okhttp/3.14.9"
::1 - - [22/Sep/2022:19:50:13 +0000] "GET /feastwell-backend/api/v1/mealTypes HTTP/1.1" 200 597 "-" "okhttp/3.14.9"
::1 - - [22/Sep/2022:19:50:13 +0000] "GET /feastwell-backend/api/v1/imageDetails/byNurseId/182 HTTP/1.1" 200 226 "-" "okhttp/3.14.9"
::1 - - [22/Sep/2022:19:50:16 +0000] "GET /feastwell-backend/api/v1/imageDetails/byNurseId/182 HTTP/1.1" 200 226 "-" "okhttp/3.14.9"
::1 - - [22/Sep/2022:19:50:20 +0000] "GET /feastwell-backend/api/v1/facility HTTP/1.1" 200 484 "-" "okhttp/3.14.9"
::1 - - [22/Sep/2022:19:50:28 +0000] "GET /feastwell-backend/api/v1/imageDetails/byNurseId/182 HTTP/1.1" 200 226 "-" "okhttp/3.14.9"
::1 - - [22/Sep/2022:19:50:37 +0000] "GET /feastwell-backend/api/v1/imagedetails/all HTTP/1.1" 200 380 "-" "okhttp/3.14.9"
::1 - - [22/Sep/2022:19:50:40 +0000] "GET /feastwell-backend/api/v1/imagedetails/all HTTP/1.1" 200 380 "-" "okhttp/3.14.9"
::1 - - [22/Sep/2022:19:50:44 +0000] "GET /feastwell-backend/api/v1/imagedetails/all HTTP/1.1" 200 380 "-" "okhttp/3.14.9"
::1 - - [22/Sep/2022:19:50:46 +0000] "GET /feastwell-backend/api/v1/imageDetails/byNurseId/182 HTTP/1.1" 200 226 "-" "okhttp/3.14.9"
::1 - - [22/Sep/2022:19:50:49 +0000] "GET /feastwell-backend/api/v1/user?userType=6 HTTP/1.1" 200 3558 "-" "okhttp/3.14.9"
::1 - - [22/Sep/2022:19:50:49 +0000] "GET /feastwell-backend/api/v1/user?userType=6 HTTP/1.1" 200 3558 "-" "okhttp/3.14.9"
::1 - - [22/Sep/2022:19:51:10 +0000] "GET /feastwell-backend/api/v1/user?userType=6 HTTP/1.1" 200 3558 "-" "okhttp/3.14.9"
::1 - - [22/Sep/2022:19:51:23 +0000] "GET /feastwell-backend/api/v1/user?userType=6 HTTP/1.1" 200 3558 "-" "okhttp/3.14.9"
::1 - - [22/Sep/2022:19:51:23 +0000] "GET /feastwell-backend/api/v1/imageDetails/byNurseId/182 HTTP/1.1" 200 226 "-" "okhttp/3.14.9"
::1 - - [22/Sep/2022:19:51:28 +0000] "GET /feastwell-backend/api/v1/user?userType=6 HTTP/1.1" 200 3558 "-" "okhttp/3.14.9"
::1 - - [22/Sep/2022:19:51:28 +0000] "GET /feastwell-backend/api/v1/user?userType=6 HTTP/1.1" 200 3558 "-" "okhttp/3.14.9"
::1 - - [22/Sep/2022:19:51:42 +0000] "POST /feastwell-backend/api/v1/uploadMealImage HTTP/1.1" 200 149 "-" "okhttp/3.14.9"
::1 - - [22/Sep/2022:19:51:42 +0000] "POST /feastwell-backend/api/v1/imageDetails HTTP/1.1" 200 71 "-" "okhttp/3.14.9"
::1 - - [22/Sep/2022:19:51:43 +0000] "GET /feastwell-backend/api/v1/user?userType=6 HTTP/1.1" 200 3558 "-" "okhttp/3.14.9"
::1 - - [22/Sep/2022:19:51:45 +0000] "GET /feastwell-backend/api/v1/imageDetails/byNurseId/182 HTTP/1.1" 200 226 "-" "okhttp/3.14.9"
::1 - - [22/Sep/2022:19:51:46 +0000] "GET /feastwell-backend/api/v1/imagedetails/all HTTP/1.1" 200 380 "-" "okhttp/3.14.9"
::1 - - [22/Sep/2022:19:51:48 +0000] "GET /feastwell-backend/api/v1/imagedetails/all HTTP/1.1" 200 380 "-" "okhttp/3.14.9"
::1 - - [22/Sep/2022:19:51:49 +0000] "GET /feastwell-backend/api/v1/imagedetails/all HTTP/1.1" 200 380 "-" "okhttp/3.14.9"
::1 - - [22/Sep/2022:19:51:53 +0000] "GET /feastwell-backend/api/v1/imageDetails/byNurseId/182 HTTP/1.1" 200 226 "-" "okhttp/3.14.9"
::1 - - [22/Sep/2022:19:51:58 +0000] "GET /feastwell-backend/api/v1/user?userType=6 HTTP/1.1" 200 3558 "-" "okhttp/3.14.9"
::1 - - [22/Sep/2022:19:51:58 +0000] "GET /feastwell-backend/api/v1/user?userType=6 HTTP/1.1" 200 3558 "-" "okhttp/3.14.9"
::1 - - [22/Sep/2022:19:52:11 +0000] "POST /feastwell-backend/api/v1/uploadMealImage HTTP/1.1" 200 149 "-" "okhttp/3.14.9"
::1 - - [22/Sep/2022:19:52:11 +0000] "POST /feastwell-backend/api/v1/imageDetails HTTP/1.1" 200 71 "-" "okhttp/3.14.9"
::1 - - [22/Sep/2022:19:52:12 +0000] "GET /feastwell-backend/api/v1/user?userType=6 HTTP/1.1" 200 3558 "-" "okhttp/3.14.9"
::1 - - [22/Sep/2022:19:52:13 +0000] "GET /feastwell-backend/api/v1/imageDetails/byNurseId/182 HTTP/1.1" 200 226 "-" "okhttp/3.14.9"
::1 - - [22/Sep/2022:19:52:14 +0000] "GET /feastwell-backend/api/v1/imagedetails/all HTTP/1.1" 200 380 "-" "okhttp/3.14.9"
::1 - - [22/Sep/2022:19:52:16 +0000] "GET /feastwell-backend/api/v1/imageDetails/byNurseId/182 HTTP/1.1" 200 226 "-" "okhttp/3.14.9"
::1 - - [22/Sep/2022:19:52:18 +0000] "GET /feastwell-backend/api/v1/user?userType=6 HTTP/1.1" 200 3558 "-" "okhttp/3.14.9"
::1 - - [22/Sep/2022:19:52:18 +0000] "GET /feastwell-backend/api/v1/user?userType=6 HTTP/1.1" 200 3558 "-" "okhttp/3.14.9"
::1 - - [22/Sep/2022:19:52:30 +0000] "POST /feastwell-backend/api/v1/uploadMealImage HTTP/1.1" 200 149 "-" "okhttp/3.14.9"
::1 - - [22/Sep/2022:19:52:31 +0000] "POST /feastwell-backend/api/v1/imageDetails HTTP/1.1" 200 71 "-" "okhttp/3.14.9"
::1 - - [22/Sep/2022:19:52:31 +0000] "GET /feastwell-backend/api/v1/user?userType=6 HTTP/1.1" 200 3558 "-" "okhttp/3.14.9"
::1 - - [22/Sep/2022:19:52:33 +0000] "GET /feastwell-backend/api/v1/imageDetails/byNurseId/182 HTTP/1.1" 200 226 "-" "okhttp/3.14.9"
::1 - - [22/Sep/2022:19:56:46 +0000] "GET /feastwell-backend/api/v1/auth/refresh HTTP/1.1" 200 376 "-" "okhttp/3.14.9"
::1 - - [22/Sep/2022:19:56:46 +0000] "GET /feastwell-backend/api/v1/auth/login HTTP/1.1" 200 1222 "-" "okhttp/3.14.9"
::1 - - [22/Sep/2022:19:56:47 +0000] "GET /feastwell-backend/api/v1/mealTypes HTTP/1.1" 200 597 "-" "okhttp/3.14.9"
::1 - - [22/Sep/2022:19:56:47 +0000] "GET /feastwell-backend/api/v1/imageDetails/byNurseId/182 HTTP/1.1" 200 226 "-" "okhttp/3.14.9"
::1 - - [22/Sep/2022:19:57:13 +0000] "GET /feastwell-backend/api/v1/auth/refresh HTTP/1.1" 200 376 "-" "okhttp/3.14.9"
::1 - - [22/Sep/2022:19:57:14 +0000] "GET /feastwell-backend/api/v1/auth/login HTTP/1.1" 200 1222 "-" "okhttp/3.14.9"
::1 - - [22/Sep/2022:19:57:14 +0000] "GET /feastwell-backend/api/v1/imageDetails/byNurseId/182 HTTP/1.1" 200 226 "-" "okhttp/3.14.9"
::1 - - [22/Sep/2022:19:57:14 +0000] "GET /feastwell-backend/api/v1/mealTypes HTTP/1.1" 200 597 "-" "okhttp/3.14.9"
::1 - - [22/Sep/2022:19:57:19 +0000] "GET /feastwell-backend/api/v1/imageDetails/byNurseId/182 HTTP/1.1" 200 226 "-" "okhttp/3.14.9"
::1 - - [22/Sep/2022:19:57:19 +0000] "GET /feastwell-backend/api/v1/mealTypes HTTP/1.1" 200 597 "-" "okhttp/3.14.9"
::1 - - [22/Sep/2022:19:57:44 +0000] "GET /feastwell-backend/api/v1/auth/refresh HTTP/1.1" 200 376 "-" "okhttp/3.14.9"
::1 - - [22/Sep/2022:19:57:44 +0000] "GET /feastwell-backend/api/v1/auth/login HTTP/1.1" 200 1222 "-" "okhttp/3.14.9"
::1 - - [22/Sep/2022:19:57:45 +0000] "GET /feastwell-backend/api/v1/mealTypes HTTP/1.1" 200 597 "-" "okhttp/3.14.9"
::1 - - [22/Sep/2022:19:57:45 +0000] "GET /feastwell-backend/api/v1/imageDetails/byNurseId/182 HTTP/1.1" 200 226 "-" "okhttp/3.14.9"
::1 - - [22/Sep/2022:19:57:50 +0000] "GET /feastwell-backend/api/v1/user?userType=6 HTTP/1.1" 200 3558 "-" "okhttp/3.14.9"
::1 - - [22/Sep/2022:19:57:51 +0000] "GET /feastwell-backend/api/v1/imageDetails/byNurseId/182 HTTP/1.1" 200 226 "-" "okhttp/3.14.9"
::1 - - [22/Sep/2022:19:57:51 +0000] "GET /feastwell-backend/api/v1/mealTypes HTTP/1.1" 200 597 "-" "okhttp/3.14.9"
::1 - - [22/Sep/2022:19:58:18 +0000] "GET /feastwell-backend/api/v1/auth/refresh HTTP/1.1" 200 376 "-" "okhttp/3.14.9"
::1 - - [22/Sep/2022:19:58:18 +0000] "GET /feastwell-backend/api/v1/auth/login HTTP/1.1" 200 1222 "-" "okhttp/3.14.9"
::1 - - [22/Sep/2022:19:58:19 +0000] "GET /feastwell-backend/api/v1/mealTypes HTTP/1.1" 200 597 "-" "okhttp/3.14.9"
::1 - - [22/Sep/2022:19:58:19 +0000] "GET /feastwell-backend/api/v1/imageDetails/byNurseId/182 HTTP/1.1" 200 226 "-" "okhttp/3.14.9"
::1 - - [22/Sep/2022:19:58:25 +0000] "GET /feastwell-backend/api/v1/user?userType=6 HTTP/1.1" 200 3558 "-" "okhttp/3.14.9"
::1 - - [22/Sep/2022:19:58:31 +0000] "GET /feastwell-backend/api/v1/facility HTTP/1.1" 200 484 "-" "okhttp/3.14.9"
::1 - - [22/Sep/2022:19:58:36 +0000] "GET /feastwell-backend/api/v1/user?userType=6 HTTP/1.1" 200 3558 "-" "okhttp/3.14.9"
::1 - - [22/Sep/2022:19:58:38 +0000] "GET /feastwell-backend/api/v1/facility HTTP/1.1" 200 484 "-" "okhttp/3.14.9"
::1 - - [22/Sep/2022:19:59:39 +0000] "GET /feastwell-backend/api/v1/auth/refresh HTTP/1.1" 200 376 "-" "okhttp/3.14.9"
::1 - - [22/Sep/2022:19:59:40 +0000] "GET /feastwell-backend/api/v1/auth/login HTTP/1.1" 200 1222 "-" "okhttp/3.14.9"
::1 - - [22/Sep/2022:19:59:40 +0000] "GET /feastwell-backend/api/v1/mealTypes HTTP/1.1" 200 597 "-" "okhttp/3.14.9"
::1 - - [22/Sep/2022:19:59:40 +0000] "GET /feastwell-backend/api/v1/imageDetails/byNurseId/182 HTTP/1.1" 200 226 "-" "okhttp/3.14.9"
::1 - - [22/Sep/2022:19:59:46 +0000] "GET /feastwell-backend/api/v1/user?userType=6 HTTP/1.1" 200 3558 "-" "okhttp/3.14.9"
::1 - - [22/Sep/2022:19:59:48 +0000] "GET /feastwell-backend/api/v1/facility HTTP/1.1" 200 484 "-" "okhttp/3.14.9"
::1 - - [22/Sep/2022:19:59:58 +0000] "GET /feastwell-backend/api/v1/user?userType=6 HTTP/1.1" 200 3558 "-" "okhttp/3.14.9"
::1 - - [22/Sep/2022:20:00:07 +0000] "GET /feastwell-backend/api/v1/facility HTTP/1.1" 200 484 "-" "okhttp/3.14.9"
::1 - - [22/Sep/2022:20:00:10 +0000] "GET /feastwell-backend/api/v1/imageDetails/byNurseId/182 HTTP/1.1" 200 226 "-" "okhttp/3.14.9"
::1 - - [22/Sep/2022:20:07:24 +0000] "GET /feastwell-backend/api/v1/imageDetails/byNurseId/182 HTTP/1.1" 200 226 "-" "okhttp/3.14.9"
::ffff:192.168.0.173 - - [23/Sep/2022:04:47:23 +0000] "POST /feastwell-backend/api/v1/auth/login HTTP/1.1" 200 1222 "http://localhost:3000/" "Mozilla/5.0 (Windows NT 10.0; Win64; x64) AppleWebKit/537.36 (KHTML, like Gecko) Chrome/105.0.0.0 Safari/537.36"
::ffff:192.168.0.173 - - [23/Sep/2022:04:47:23 +0000] "GET /feastwell-backend/api/v1/user/182 HTTP/1.1" 201 450 "http://localhost:3000/" "Mozilla/5.0 (Windows NT 10.0; Win64; x64) AppleWebKit/537.36 (KHTML, like Gecko) Chrome/105.0.0.0 Safari/537.36"
::ffff:192.168.0.173 - - [23/Sep/2022:04:47:23 +0000] "POST /feastwell-backend/api/v1/userActivityLog HTTP/1.1" 200 79 "http://localhost:3000/" "Mozilla/5.0 (Windows NT 10.0; Win64; x64) AppleWebKit/537.36 (KHTML, like Gecko) Chrome/105.0.0.0 Safari/537.36"
::ffff:192.168.0.173 - - [23/Sep/2022:04:47:23 +0000] "PUT /feastwell-backend/api/v1/user/loginDetails/182 HTTP/1.1" 401 49 "http://localhost:3000/" "Mozilla/5.0 (Windows NT 10.0; Win64; x64) AppleWebKit/537.36 (KHTML, like Gecko) Chrome/105.0.0.0 Safari/537.36"
::ffff:192.168.0.173 - - [23/Sep/2022:04:47:23 +0000] "GET /feastwell-backend/api/v1/menuCategory HTTP/1.1" 200 1349 "http://localhost:3000/" "Mozilla/5.0 (Windows NT 10.0; Win64; x64) AppleWebKit/537.36 (KHTML, like Gecko) Chrome/105.0.0.0 Safari/537.36"
::ffff:192.168.0.173 - - [23/Sep/2022:04:47:23 +0000] "GET /feastwell-backend/api/v1/menuCategory HTTP/1.1" 304 - "http://localhost:3000/" "Mozilla/5.0 (Windows NT 10.0; Win64; x64) AppleWebKit/537.36 (KHTML, like Gecko) Chrome/105.0.0.0 Safari/537.36"
::ffff:192.168.0.173 - - [23/Sep/2022:04:47:35 +0000] "POST /feastwell-backend/api/v1/user HTTP/1.1" 401 49 "-" "PostmanRuntime/7.29.2"
::ffff:192.168.0.173 - - [23/Sep/2022:04:48:18 +0000] "GET /feastwell-backend/api/v1/menuCategory HTTP/1.1" 304 - "http://localhost:3000/" "Mozilla/5.0 (Windows NT 10.0; Win64; x64) AppleWebKit/537.36 (KHTML, like Gecko) Chrome/105.0.0.0 Safari/537.36"
::ffff:192.168.0.173 - - [23/Sep/2022:04:48:22 +0000] "POST /feastwell-backend/api/v1/user HTTP/1.1" 401 49 "-" "PostmanRuntime/7.29.2"
::ffff:192.168.0.173 - - [23/Sep/2022:04:49:38 +0000] "GET /feastwell-backend/api/v1/auth/login HTTP/1.1" 401 65 "-" "PostmanRuntime/7.29.2"
::ffff:192.168.0.173 - - [23/Sep/2022:04:51:19 +0000] "GET /feastwell-backend/api/v1/menuCategory HTTP/1.1" 304 - "http://localhost:3000/" "Mozilla/5.0 (Windows NT 10.0; Win64; x64) AppleWebKit/537.36 (KHTML, like Gecko) Chrome/105.0.0.0 Safari/537.36"
::ffff:192.168.0.173 - - [23/Sep/2022:04:52:06 +0000] "GET /feastwell-backend/api/v1/menuCategory HTTP/1.1" 304 - "http://localhost:3000/" "Mozilla/5.0 (Windows NT 10.0; Win64; x64) AppleWebKit/537.36 (KHTML, like Gecko) Chrome/105.0.0.0 Safari/537.36"
::ffff:192.168.0.173 - - [23/Sep/2022:04:52:08 +0000] "GET /feastwell-backend/api/v1/menuCategory HTTP/1.1" 304 - "http://localhost:3000/" "Mozilla/5.0 (Windows NT 10.0; Win64; x64) AppleWebKit/537.36 (KHTML, like Gecko) Chrome/105.0.0.0 Safari/537.36"
::ffff:192.168.0.173 - - [23/Sep/2022:04:52:11 +0000] "GET /feastwell-backend/api/v1/menuCategory HTTP/1.1" 304 - "http://localhost:3000/" "Mozilla/5.0 (Windows NT 10.0; Win64; x64) AppleWebKit/537.36 (KHTML, like Gecko) Chrome/105.0.0.0 Safari/537.36"
::ffff:192.168.0.173 - - [23/Sep/2022:04:53:49 +0000] "GET /feastwell-backend/api/v1/menuCategory HTTP/1.1" 304 - "http://localhost:3000/" "Mozilla/5.0 (Windows NT 10.0; Win64; x64) AppleWebKit/537.36 (KHTML, like Gecko) Chrome/105.0.0.0 Safari/537.36"
::ffff:192.168.0.173 - - [23/Sep/2022:04:53:51 +0000] "GET /feastwell-backend/api/v1/menuCategory HTTP/1.1" 304 - "http://localhost:3000/" "Mozilla/5.0 (Windows NT 10.0; Win64; x64) AppleWebKit/537.36 (KHTML, like Gecko) Chrome/105.0.0.0 Safari/537.36"
::ffff:192.168.0.173 - - [23/Sep/2022:04:53:55 +0000] "GET /feastwell-backend/api/v1/menuCategory HTTP/1.1" 304 - "http://localhost:3000/" "Mozilla/5.0 (Windows NT 10.0; Win64; x64) AppleWebKit/537.36 (KHTML, like Gecko) Chrome/105.0.0.0 Safari/537.36"
::ffff:192.168.0.173 - - [23/Sep/2022:04:57:37 +0000] "GET /feastwell-backend/api/v1/menuCategory HTTP/1.1" 304 - "http://localhost:3000/" "Mozilla/5.0 (Windows NT 10.0; Win64; x64) AppleWebKit/537.36 (KHTML, like Gecko) Chrome/105.0.0.0 Safari/537.36"
::ffff:192.168.0.173 - - [23/Sep/2022:04:58:23 +0000] "GET /feastwell-backend/api/v1/menuCategory HTTP/1.1" 304 - "http://localhost:3000/" "Mozilla/5.0 (Windows NT 10.0; Win64; x64) AppleWebKit/537.36 (KHTML, like Gecko) Chrome/105.0.0.0 Safari/537.36"
::ffff:192.168.0.173 - - [23/Sep/2022:04:59:32 +0000] "GET /feastwell-backend/api/v1/menuCategory HTTP/1.1" 304 - "http://localhost:3000/" "Mozilla/5.0 (Windows NT 10.0; Win64; x64) AppleWebKit/537.36 (KHTML, like Gecko) Chrome/105.0.0.0 Safari/537.36"
::ffff:192.168.0.173 - - [23/Sep/2022:05:35:09 +0000] "GET /feastwell-backend/api/v1/menuCategory HTTP/1.1" 304 - "http://localhost:3000/" "Mozilla/5.0 (Windows NT 10.0; Win64; x64) AppleWebKit/537.36 (KHTML, like Gecko) Chrome/105.0.0.0 Safari/537.36"
::ffff:192.168.0.173 - - [23/Sep/2022:05:47:06 +0000] "GET /feastwell-backend/api/v1/menuCategory HTTP/1.1" 304 - "http://localhost:3000/" "Mozilla/5.0 (Windows NT 10.0; Win64; x64) AppleWebKit/537.36 (KHTML, like Gecko) Chrome/105.0.0.0 Safari/537.36"
::ffff:192.168.0.173 - - [23/Sep/2022:05:54:25 +0000] "GET /feastwell-backend/api/v1/menuCategory HTTP/1.1" 304 - "http://localhost:3000/" "Mozilla/5.0 (Windows NT 10.0; Win64; x64) AppleWebKit/537.36 (KHTML, like Gecko) Chrome/105.0.0.0 Safari/537.36"
::ffff:192.168.0.173 - - [23/Sep/2022:05:57:11 +0000] "GET /feastwell-backend/api/v1/menuCategory HTTP/1.1" 304 - "http://localhost:3000/" "Mozilla/5.0 (Windows NT 10.0; Win64; x64) AppleWebKit/537.36 (KHTML, like Gecko) Chrome/105.0.0.0 Safari/537.36"
::ffff:192.168.0.173 - - [23/Sep/2022:05:57:18 +0000] "GET /feastwell-backend/api/v1/menuCategory HTTP/1.1" 304 - "http://localhost:3000/" "Mozilla/5.0 (Windows NT 10.0; Win64; x64) AppleWebKit/537.36 (KHTML, like Gecko) Chrome/105.0.0.0 Safari/537.36"
::ffff:192.168.0.173 - - [23/Sep/2022:05:57:18 +0000] "GET /feastwell-backend/api/v1/user?userType=6 HTTP/1.1" 200 3558 "http://localhost:3000/" "Mozilla/5.0 (Windows NT 10.0; Win64; x64) AppleWebKit/537.36 (KHTML, like Gecko) Chrome/105.0.0.0 Safari/537.36"
::ffff:192.168.0.173 - - [23/Sep/2022:05:58:32 +0000] "GET /feastwell-backend/api/v1/menuCategory HTTP/1.1" 304 - "http://localhost:3000/" "Mozilla/5.0 (Windows NT 10.0; Win64; x64) AppleWebKit/537.36 (KHTML, like Gecko) Chrome/105.0.0.0 Safari/537.36"
::ffff:192.168.0.173 - - [23/Sep/2022:05:58:32 +0000] "GET /feastwell-backend/api/v1/facility HTTP/1.1" 200 484 "http://localhost:3000/" "Mozilla/5.0 (Windows NT 10.0; Win64; x64) AppleWebKit/537.36 (KHTML, like Gecko) Chrome/105.0.0.0 Safari/537.36"
::ffff:192.168.0.173 - - [23/Sep/2022:05:58:35 +0000] "GET /feastwell-backend/api/v1/menuCategory HTTP/1.1" 304 - "http://localhost:3000/" "Mozilla/5.0 (Windows NT 10.0; Win64; x64) AppleWebKit/537.36 (KHTML, like Gecko) Chrome/105.0.0.0 Safari/537.36"
::ffff:192.168.0.173 - - [23/Sep/2022:05:58:35 +0000] "GET /feastwell-backend/api/v1/user?userType=6 HTTP/1.1" 304 - "http://localhost:3000/" "Mozilla/5.0 (Windows NT 10.0; Win64; x64) AppleWebKit/537.36 (KHTML, like Gecko) Chrome/105.0.0.0 Safari/537.36"
::ffff:192.168.0.173 - - [23/Sep/2022:06:00:41 +0000] "GET /feastwell-backend/api/v1/menuCategory HTTP/1.1" 304 - "http://localhost:3000/" "Mozilla/5.0 (Windows NT 10.0; Win64; x64) AppleWebKit/537.36 (KHTML, like Gecko) Chrome/105.0.0.0 Safari/537.36"
::ffff:192.168.0.173 - - [23/Sep/2022:06:00:41 +0000] "GET /feastwell-backend/api/v1/facility HTTP/1.1" 304 - "http://localhost:3000/" "Mozilla/5.0 (Windows NT 10.0; Win64; x64) AppleWebKit/537.36 (KHTML, like Gecko) Chrome/105.0.0.0 Safari/537.36"
::ffff:192.168.0.173 - - [23/Sep/2022:06:03:03 +0000] "POST /feastwell-backend/api/v1/user HTTP/1.1" 201 104 "http://localhost:3000/" "Mozilla/5.0 (Windows NT 10.0; Win64; x64) AppleWebKit/537.36 (KHTML, like Gecko) Chrome/105.0.0.0 Safari/537.36"
::ffff:192.168.0.173 - - [23/Sep/2022:06:03:04 +0000] "POST /feastwell-backend/api/v1/userActivityLog HTTP/1.1" 200 79 "http://localhost:3000/" "Mozilla/5.0 (Windows NT 10.0; Win64; x64) AppleWebKit/537.36 (KHTML, like Gecko) Chrome/105.0.0.0 Safari/537.36"
::ffff:192.168.0.173 - - [23/Sep/2022:06:03:04 +0000] "POST /feastwell-backend/api/v1/residentFacility HTTP/1.1" 200 99 "http://localhost:3000/" "Mozilla/5.0 (Windows NT 10.0; Win64; x64) AppleWebKit/537.36 (KHTML, like Gecko) Chrome/105.0.0.0 Safari/537.36"
::ffff:192.168.0.173 - - [23/Sep/2022:06:03:04 +0000] "GET /feastwell-backend/api/v1/menuCategory HTTP/1.1" 304 - "http://localhost:3000/" "Mozilla/5.0 (Windows NT 10.0; Win64; x64) AppleWebKit/537.36 (KHTML, like Gecko) Chrome/105.0.0.0 Safari/537.36"
::ffff:192.168.0.173 - - [23/Sep/2022:06:03:04 +0000] "GET /feastwell-backend/api/v1/nutritionalRiskFactors HTTP/1.1" 200 1782 "http://localhost:3000/" "Mozilla/5.0 (Windows NT 10.0; Win64; x64) AppleWebKit/537.36 (KHTML, like Gecko) Chrome/105.0.0.0 Safari/537.36"
::ffff:192.168.0.173 - - [23/Sep/2022:06:06:03 +0000] "POST /feastwell-backend/api/v1/residentsDetails HTTP/1.1" 401 49 "http://localhost:3000/" "Mozilla/5.0 (Windows NT 10.0; Win64; x64) AppleWebKit/537.36 (KHTML, like Gecko) Chrome/105.0.0.0 Safari/537.36"
::ffff:192.168.0.173 - - [23/Sep/2022:06:07:30 +0000] "GET /feastwell-backend/api/v1/nutritionalRiskFactors HTTP/1.1" 200 1782 "http://localhost:3000/" "Mozilla/5.0 (Windows NT 10.0; Win64; x64) AppleWebKit/537.36 (KHTML, like Gecko) Chrome/105.0.0.0 Safari/537.36"
::ffff:192.168.0.173 - - [23/Sep/2022:06:07:50 +0000] "GET /feastwell-backend/api/v1/menuCategory HTTP/1.1" 200 1349 "http://localhost:3000/" "Mozilla/5.0 (Windows NT 10.0; Win64; x64) AppleWebKit/537.36 (KHTML, like Gecko) Chrome/105.0.0.0 Safari/537.36"
::ffff:192.168.0.173 - - [23/Sep/2022:06:07:50 +0000] "GET /feastwell-backend/api/v1/nutritionalRiskFactors HTTP/1.1" 200 1782 "http://localhost:3000/" "Mozilla/5.0 (Windows NT 10.0; Win64; x64) AppleWebKit/537.36 (KHTML, like Gecko) Chrome/105.0.0.0 Safari/537.36"
::ffff:192.168.0.173 - - [23/Sep/2022:06:11:49 +0000] "POST /feastwell-backend/api/v1/residentsDetails HTTP/1.1" 401 49 "http://localhost:3000/" "Mozilla/5.0 (Windows NT 10.0; Win64; x64) AppleWebKit/537.36 (KHTML, like Gecko) Chrome/105.0.0.0 Safari/537.36"
::ffff:192.168.0.173 - - [23/Sep/2022:06:11:49 +0000] "GET /feastwell-backend/api/v1/auth/refresh HTTP/1.1" 200 376 "http://localhost:3000/" "Mozilla/5.0 (Windows NT 10.0; Win64; x64) AppleWebKit/537.36 (KHTML, like Gecko) Chrome/105.0.0.0 Safari/537.36"
::ffff:192.168.0.173 - - [23/Sep/2022:06:13:13 +0000] "GET /feastwell-backend/api/v1/nutritionalRiskFactors HTTP/1.1" 200 1782 "http://localhost:3000/" "Mozilla/5.0 (Windows NT 10.0; Win64; x64) AppleWebKit/537.36 (KHTML, like Gecko) Chrome/105.0.0.0 Safari/537.36"
::ffff:192.168.0.173 - - [23/Sep/2022:06:13:22 +0000] "GET /feastwell-backend/api/v1/nutritionalRiskFactors HTTP/1.1" 200 1782 "http://localhost:3000/" "Mozilla/5.0 (Windows NT 10.0; Win64; x64) AppleWebKit/537.36 (KHTML, like Gecko) Chrome/105.0.0.0 Safari/537.36"
::ffff:192.168.0.173 - - [23/Sep/2022:06:13:42 +0000] "GET /feastwell-backend/api/v1/nutritionalRiskFactors HTTP/1.1" 200 1782 "http://localhost:3000/" "Mozilla/5.0 (Windows NT 10.0; Win64; x64) AppleWebKit/537.36 (KHTML, like Gecko) Chrome/105.0.0.0 Safari/537.36"
::ffff:192.168.0.173 - - [23/Sep/2022:06:14:36 +0000] "GET /feastwell-backend/api/v1/nutritionalRiskFactors HTTP/1.1" 200 1782 "http://localhost:3000/" "Mozilla/5.0 (Windows NT 10.0; Win64; x64) AppleWebKit/537.36 (KHTML, like Gecko) Chrome/105.0.0.0 Safari/537.36"
::ffff:192.168.0.173 - - [23/Sep/2022:06:15:01 +0000] "GET /feastwell-backend/api/v1/nutritionalRiskFactors HTTP/1.1" 200 1782 "http://localhost:3000/" "Mozilla/5.0 (Windows NT 10.0; Win64; x64) AppleWebKit/537.36 (KHTML, like Gecko) Chrome/105.0.0.0 Safari/537.36"
::ffff:192.168.0.173 - - [23/Sep/2022:06:15:26 +0000] "GET /feastwell-backend/api/v1/nutritionalRiskFactors HTTP/1.1" 200 1782 "http://localhost:3000/" "Mozilla/5.0 (Windows NT 10.0; Win64; x64) AppleWebKit/537.36 (KHTML, like Gecko) Chrome/105.0.0.0 Safari/537.36"
::ffff:192.168.0.173 - - [23/Sep/2022:06:16:02 +0000] "GET /feastwell-backend/api/v1/nutritionalRiskFactors HTTP/1.1" 200 1782 "http://localhost:3000/" "Mozilla/5.0 (Windows NT 10.0; Win64; x64) AppleWebKit/537.36 (KHTML, like Gecko) Chrome/105.0.0.0 Safari/537.36"
::ffff:192.168.0.173 - - [23/Sep/2022:06:16:26 +0000] "GET /feastwell-backend/api/v1/menuCategory HTTP/1.1" 200 1349 "http://localhost:3000/" "Mozilla/5.0 (Windows NT 10.0; Win64; x64) AppleWebKit/537.36 (KHTML, like Gecko) Chrome/105.0.0.0 Safari/537.36"
::ffff:192.168.0.173 - - [23/Sep/2022:06:16:26 +0000] "GET /feastwell-backend/api/v1/nutritionalRiskFactors HTTP/1.1" 200 1782 "http://localhost:3000/" "Mozilla/5.0 (Windows NT 10.0; Win64; x64) AppleWebKit/537.36 (KHTML, like Gecko) Chrome/105.0.0.0 Safari/537.36"
::ffff:192.168.0.173 - - [23/Sep/2022:06:19:12 +0000] "POST /feastwell-backend/api/v1/residentsDetails HTTP/1.1" 401 49 "http://localhost:3000/" "Mozilla/5.0 (Windows NT 10.0; Win64; x64) AppleWebKit/537.36 (KHTML, like Gecko) Chrome/105.0.0.0 Safari/537.36"
::ffff:192.168.0.173 - - [23/Sep/2022:06:20:14 +0000] "GET /feastwell-backend/api/v1/nutritionalRiskFactors HTTP/1.1" 200 1782 "http://localhost:3000/" "Mozilla/5.0 (Windows NT 10.0; Win64; x64) AppleWebKit/537.36 (KHTML, like Gecko) Chrome/105.0.0.0 Safari/537.36"
::ffff:192.168.0.173 - - [23/Sep/2022:06:21:46 +0000] "GET /feastwell-backend/api/v1/nutritionalRiskFactors HTTP/1.1" 200 1782 "http://localhost:3000/" "Mozilla/5.0 (Windows NT 10.0; Win64; x64) AppleWebKit/537.36 (KHTML, like Gecko) Chrome/105.0.0.0 Safari/537.36"
::ffff:192.168.0.173 - - [23/Sep/2022:06:22:23 +0000] "GET /feastwell-backend/api/v1/nutritionalRiskFactors HTTP/1.1" 200 1782 "http://localhost:3000/" "Mozilla/5.0 (Windows NT 10.0; Win64; x64) AppleWebKit/537.36 (KHTML, like Gecko) Chrome/105.0.0.0 Safari/537.36"
::ffff:192.168.0.173 - - [23/Sep/2022:06:22:35 +0000] "GET /feastwell-backend/api/v1/nutritionalRiskFactors HTTP/1.1" 200 1782 "http://localhost:3000/" "Mozilla/5.0 (Windows NT 10.0; Win64; x64) AppleWebKit/537.36 (KHTML, like Gecko) Chrome/105.0.0.0 Safari/537.36"
::ffff:192.168.0.173 - - [23/Sep/2022:06:22:42 +0000] "GET /feastwell-backend/api/v1/menuCategory HTTP/1.1" 200 1349 "http://localhost:3000/" "Mozilla/5.0 (Windows NT 10.0; Win64; x64) AppleWebKit/537.36 (KHTML, like Gecko) Chrome/105.0.0.0 Safari/537.36"
::ffff:192.168.0.173 - - [23/Sep/2022:06:22:43 +0000] "GET /feastwell-backend/api/v1/nutritionalRiskFactors HTTP/1.1" 200 1782 "http://localhost:3000/" "Mozilla/5.0 (Windows NT 10.0; Win64; x64) AppleWebKit/537.36 (KHTML, like Gecko) Chrome/105.0.0.0 Safari/537.36"
::ffff:192.168.0.173 - - [23/Sep/2022:06:22:57 +0000] "GET /feastwell-backend/api/v1/menuCategory HTTP/1.1" 304 - "http://localhost:3000/" "Mozilla/5.0 (Windows NT 10.0; Win64; x64) AppleWebKit/537.36 (KHTML, like Gecko) Chrome/105.0.0.0 Safari/537.36"
::ffff:192.168.0.173 - - [23/Sep/2022:06:22:57 +0000] "GET /feastwell-backend/api/v1/nutritionalRiskFactors HTTP/1.1" 304 - "http://localhost:3000/" "Mozilla/5.0 (Windows NT 10.0; Win64; x64) AppleWebKit/537.36 (KHTML, like Gecko) Chrome/105.0.0.0 Safari/537.36"
::ffff:192.168.0.173 - - [23/Sep/2022:06:26:00 +0000] "POST /feastwell-backend/api/v1/residentsDetails HTTP/1.1" 401 49 "http://localhost:3000/" "Mozilla/5.0 (Windows NT 10.0; Win64; x64) AppleWebKit/537.36 (KHTML, like Gecko) Chrome/105.0.0.0 Safari/537.36"
::ffff:192.168.0.173 - - [23/Sep/2022:06:26:00 +0000] "GET /feastwell-backend/api/v1/auth/refresh HTTP/1.1" 200 376 "http://localhost:3000/" "Mozilla/5.0 (Windows NT 10.0; Win64; x64) AppleWebKit/537.36 (KHTML, like Gecko) Chrome/105.0.0.0 Safari/537.36"
::ffff:192.168.0.173 - - [23/Sep/2022:06:27:25 +0000] "GET /feastwell-backend/api/v1/nutritionalRiskFactors HTTP/1.1" 200 1782 "http://localhost:3000/" "Mozilla/5.0 (Windows NT 10.0; Win64; x64) AppleWebKit/537.36 (KHTML, like Gecko) Chrome/105.0.0.0 Safari/537.36"
::ffff:192.168.0.173 - - [23/Sep/2022:06:27:56 +0000] "GET /feastwell-backend/api/v1/menuCategory HTTP/1.1" 200 1349 "http://localhost:3000/" "Mozilla/5.0 (Windows NT 10.0; Win64; x64) AppleWebKit/537.36 (KHTML, like Gecko) Chrome/105.0.0.0 Safari/537.36"
::ffff:192.168.0.173 - - [23/Sep/2022:06:27:56 +0000] "GET /feastwell-backend/api/v1/nutritionalRiskFactors HTTP/1.1" 200 1782 "http://localhost:3000/" "Mozilla/5.0 (Windows NT 10.0; Win64; x64) AppleWebKit/537.36 (KHTML, like Gecko) Chrome/105.0.0.0 Safari/537.36"
::ffff:192.168.0.173 - - [23/Sep/2022:06:32:13 +0000] "POST /feastwell-backend/api/v1/residentsDetails HTTP/1.1" 401 49 "http://localhost:3000/" "Mozilla/5.0 (Windows NT 10.0; Win64; x64) AppleWebKit/537.36 (KHTML, like Gecko) Chrome/105.0.0.0 Safari/537.36"
::ffff:192.168.0.173 - - [23/Sep/2022:06:32:13 +0000] "GET /feastwell-backend/api/v1/auth/refresh HTTP/1.1" 200 376 "http://localhost:3000/" "Mozilla/5.0 (Windows NT 10.0; Win64; x64) AppleWebKit/537.36 (KHTML, like Gecko) Chrome/105.0.0.0 Safari/537.36"
